[2023-01-14 13:07:57] production.ERROR: rename(C:\laragon\www\cidadaoon\bootstrap\cache\pac84F4.tmp,C:\laragon\www\cidadaoon\bootstrap\cache/packages.9.1.0_1.3.1.php): Acesso negado (code: 5) {"exception":"[object] (ErrorException(code: 0): rename(C:\\laragon\\www\\cidadaoon\\bootstrap\\cache\\pac84F4.tmp,C:\\laragon\\www\\cidadaoon\\bootstrap\\cache/packages.9.1.0_1.3.1.php): Acesso negado (code: 5) at C:\\laragon\\www\\cidadaoon\\vendor\\laravel\\framework\\src\\Illuminate\\Filesystem\\Filesystem.php:211)
[stacktrace]
#0 C:\\laragon\\www\\cidadaoon\\vendor\\laravel\\framework\\src\\Illuminate\\Foundation\\Bootstrap\\HandleExceptions.php(228): Illuminate\\Foundation\\Bootstrap\\HandleExceptions->handleError(2, 'rename(C:\\\\larag...', 'C:\\\\laragon\\\\www\\\\...', 211)
#1 [internal function]: Illuminate\\Foundation\\Bootstrap\\HandleExceptions->Illuminate\\Foundation\\Bootstrap\\{closure}(2, 'rename(C:\\\\larag...', 'C:\\\\laragon\\\\www\\\\...', 211)
#2 C:\\laragon\\www\\cidadaoon\\vendor\\laravel\\framework\\src\\Illuminate\\Filesystem\\Filesystem.php(211): rename('C:\\\\laragon\\\\www\\\\...', 'C:\\\\laragon\\\\www\\\\...')
#3 C:\\laragon\\www\\cidadaoon\\vendor\\laravel\\framework\\src\\Illuminate\\Foundation\\PackageManifest.php(181): Illuminate\\Filesystem\\Filesystem->replace('C:\\\\laragon\\\\www\\\\...', '<?php return ar...')
#4 C:\\laragon\\www\\cidadaoon\\vendor\\laravel\\framework\\src\\Illuminate\\Foundation\\PackageManifest.php(136): Illuminate\\Foundation\\PackageManifest->write(Array)
#5 C:\\laragon\\www\\cidadaoon\\vendor\\laravel\\framework\\src\\Illuminate\\Foundation\\PackageManifest.php(106): Illuminate\\Foundation\\PackageManifest->build()
#6 C:\\laragon\\www\\cidadaoon\\vendor\\laravel\\framework\\src\\Illuminate\\Foundation\\PackageManifest.php(89): Illuminate\\Foundation\\PackageManifest->getManifest()
#7 C:\\laragon\\www\\cidadaoon\\vendor\\laravel\\framework\\src\\Illuminate\\Foundation\\PackageManifest.php(78): Illuminate\\Foundation\\PackageManifest->config('aliases')
#8 C:\\laragon\\www\\cidadaoon\\vendor\\laravel\\framework\\src\\Illuminate\\Foundation\\Bootstrap\\RegisterFacades.php(26): Illuminate\\Foundation\\PackageManifest->aliases()
#9 C:\\laragon\\www\\cidadaoon\\vendor\\laravel\\framework\\src\\Illuminate\\Foundation\\Application.php(239): Illuminate\\Foundation\\Bootstrap\\RegisterFacades->bootstrap(Object(MicroweberPackages\\App\\LaravelApplication))
#10 C:\\laragon\\www\\cidadaoon\\vendor\\laravel\\framework\\src\\Illuminate\\Foundation\\Http\\Kernel.php(153): Illuminate\\Foundation\\Application->bootstrapWith(Array)
#11 C:\\laragon\\www\\cidadaoon\\vendor\\laravel\\framework\\src\\Illuminate\\Foundation\\Http\\Kernel.php(137): Illuminate\\Foundation\\Http\\Kernel->bootstrap()
#12 C:\\laragon\\www\\cidadaoon\\vendor\\laravel\\framework\\src\\Illuminate\\Foundation\\Http\\Kernel.php(111): Illuminate\\Foundation\\Http\\Kernel->sendRequestThroughRouter(Object(Illuminate\\Http\\Request))
#13 C:\\laragon\\www\\cidadaoon\\index.php(94): Illuminate\\Foundation\\Http\\Kernel->handle(Object(Illuminate\\Http\\Request))
#14 {main}
"} 
[2023-01-14 13:07:58] production.ERROR: Target class [translator] does not exist. (View: C:\laragon\www\cidadaoon\vendor\laravel\framework\src\Illuminate\Foundation\Exceptions\views\500.blade.php) {"exception":"[object] (Illuminate\\View\\ViewException(code: 0): Target class [translator] does not exist. (View: C:\\laragon\\www\\cidadaoon\\vendor\\laravel\\framework\\src\\Illuminate\\Foundation\\Exceptions\\views\\500.blade.php) at C:\\laragon\\www\\cidadaoon\\vendor\\laravel\\framework\\src\\Illuminate\\Container\\Container.php:879)
[stacktrace]
#0 C:\\laragon\\www\\cidadaoon\\vendor\\laravel\\framework\\src\\Illuminate\\View\\Engines\\PhpEngine.php(60): Illuminate\\View\\Engines\\CompilerEngine->handleViewException(Object(Illuminate\\Contracts\\Container\\BindingResolutionException), 1)
#1 C:\\laragon\\www\\cidadaoon\\vendor\\laravel\\framework\\src\\Illuminate\\View\\Engines\\CompilerEngine.php(61): Illuminate\\View\\Engines\\PhpEngine->evaluatePath('C:\\\\laragon\\\\www\\\\...', Array)
#2 C:\\laragon\\www\\cidadaoon\\vendor\\laravel\\framework\\src\\Illuminate\\View\\View.php(139): Illuminate\\View\\Engines\\CompilerEngine->get('C:\\\\laragon\\\\www\\\\...', Array)
#3 C:\\laragon\\www\\cidadaoon\\vendor\\laravel\\framework\\src\\Illuminate\\View\\View.php(122): Illuminate\\View\\View->getContents()
#4 C:\\laragon\\www\\cidadaoon\\vendor\\laravel\\framework\\src\\Illuminate\\View\\View.php(91): Illuminate\\View\\View->renderContents()
#5 C:\\laragon\\www\\cidadaoon\\vendor\\laravel\\framework\\src\\Illuminate\\Http\\Response.php(69): Illuminate\\View\\View->render()
#6 C:\\laragon\\www\\cidadaoon\\vendor\\laravel\\framework\\src\\Illuminate\\Http\\Response.php(35): Illuminate\\Http\\Response->setContent(Object(Illuminate\\View\\View))
#7 C:\\laragon\\www\\cidadaoon\\vendor\\laravel\\framework\\src\\Illuminate\\Routing\\ResponseFactory.php(57): Illuminate\\Http\\Response->__construct(Object(Illuminate\\View\\View), 500, Array)
#8 C:\\laragon\\www\\cidadaoon\\vendor\\laravel\\framework\\src\\Illuminate\\Routing\\ResponseFactory.php(87): Illuminate\\Routing\\ResponseFactory->make(Object(Illuminate\\View\\View), 500, Array)
#9 C:\\laragon\\www\\cidadaoon\\vendor\\laravel\\framework\\src\\Illuminate\\Foundation\\Exceptions\\Handler.php(590): Illuminate\\Routing\\ResponseFactory->view('errors::500', Array, 500, Array)
#10 C:\\laragon\\www\\cidadaoon\\vendor\\laravel\\framework\\src\\Illuminate\\Foundation\\Exceptions\\Handler.php(515): Illuminate\\Foundation\\Exceptions\\Handler->renderHttpException(Object(Symfony\\Component\\HttpKernel\\Exception\\HttpException))
#11 C:\\laragon\\www\\cidadaoon\\vendor\\laravel\\framework\\src\\Illuminate\\Foundation\\Exceptions\\Handler.php(421): Illuminate\\Foundation\\Exceptions\\Handler->prepareResponse(Object(Illuminate\\Http\\Request), Object(Symfony\\Component\\HttpKernel\\Exception\\HttpException))
#12 C:\\laragon\\www\\cidadaoon\\vendor\\laravel\\framework\\src\\Illuminate\\Foundation\\Exceptions\\Handler.php(341): Illuminate\\Foundation\\Exceptions\\Handler->renderExceptionResponse(Object(Illuminate\\Http\\Request), Object(ErrorException))
#13 C:\\laragon\\www\\cidadaoon\\src\\MicroweberPackages\\App\\Exceptions\\Handler.php(54): Illuminate\\Foundation\\Exceptions\\Handler->render(Object(Illuminate\\Http\\Request), Object(ErrorException))
#14 C:\\laragon\\www\\cidadaoon\\vendor\\laravel\\framework\\src\\Illuminate\\Foundation\\Http\\Kernel.php(427): MicroweberPackages\\App\\Exceptions\\Handler->render(Object(Illuminate\\Http\\Request), Object(ErrorException))
#15 C:\\laragon\\www\\cidadaoon\\vendor\\laravel\\framework\\src\\Illuminate\\Foundation\\Http\\Kernel.php(115): Illuminate\\Foundation\\Http\\Kernel->renderException(Object(Illuminate\\Http\\Request), Object(ErrorException))
#16 C:\\laragon\\www\\cidadaoon\\index.php(94): Illuminate\\Foundation\\Http\\Kernel->handle(Object(Illuminate\\Http\\Request))
#17 {main}

[previous exception] [object] (Illuminate\\Contracts\\Container\\BindingResolutionException(code: 0): Target class [translator] does not exist. at C:\\laragon\\www\\cidadaoon\\vendor\\laravel\\framework\\src\\Illuminate\\Container\\Container.php:879)
[stacktrace]
#0 C:\\laragon\\www\\cidadaoon\\vendor\\laravel\\framework\\src\\Illuminate\\Container\\Container.php(758): Illuminate\\Container\\Container->build('translator')
#1 C:\\laragon\\www\\cidadaoon\\vendor\\laravel\\framework\\src\\Illuminate\\Foundation\\Application.php(855): Illuminate\\Container\\Container->resolve('translator', Array, true)
#2 C:\\laragon\\www\\cidadaoon\\vendor\\laravel\\framework\\src\\Illuminate\\Container\\Container.php(694): Illuminate\\Foundation\\Application->resolve('translator', Array)
#3 C:\\laragon\\www\\cidadaoon\\vendor\\laravel\\framework\\src\\Illuminate\\Foundation\\Application.php(840): Illuminate\\Container\\Container->make('translator', Array)
#4 C:\\laragon\\www\\cidadaoon\\vendor\\laravel\\framework\\src\\Illuminate\\Foundation\\helpers.php(119): Illuminate\\Foundation\\Application->make('translator', Array)
#5 C:\\laragon\\www\\cidadaoon\\vendor\\laravel\\framework\\src\\Illuminate\\Foundation\\helpers.php(851): app('translator')
#6 C:\\laragon\\www\\cidadaoon\\vendor\\laravel\\framework\\src\\Illuminate\\Foundation\\helpers.php(886): trans('Server Error', Array, NULL)
#7 C:\\laragon\\www\\cidadaoon\\storage\\framework\\views\\dce9fc6a79a2f372f1c40eb3d04284d2ace20c92.php(1): __('Server Error')
#8 C:\\laragon\\www\\cidadaoon\\vendor\\laravel\\framework\\src\\Illuminate\\Filesystem\\Filesystem.php(107): require('C:\\\\laragon\\\\www\\\\...')
#9 C:\\laragon\\www\\cidadaoon\\vendor\\laravel\\framework\\src\\Illuminate\\Filesystem\\Filesystem.php(108): Illuminate\\Filesystem\\Filesystem::Illuminate\\Filesystem\\{closure}()
#10 C:\\laragon\\www\\cidadaoon\\vendor\\laravel\\framework\\src\\Illuminate\\View\\Engines\\PhpEngine.php(58): Illuminate\\Filesystem\\Filesystem->getRequire('C:\\\\laragon\\\\www\\\\...', Array)
#11 C:\\laragon\\www\\cidadaoon\\vendor\\laravel\\framework\\src\\Illuminate\\View\\Engines\\CompilerEngine.php(61): Illuminate\\View\\Engines\\PhpEngine->evaluatePath('C:\\\\laragon\\\\www\\\\...', Array)
#12 C:\\laragon\\www\\cidadaoon\\vendor\\laravel\\framework\\src\\Illuminate\\View\\View.php(139): Illuminate\\View\\Engines\\CompilerEngine->get('C:\\\\laragon\\\\www\\\\...', Array)
#13 C:\\laragon\\www\\cidadaoon\\vendor\\laravel\\framework\\src\\Illuminate\\View\\View.php(122): Illuminate\\View\\View->getContents()
#14 C:\\laragon\\www\\cidadaoon\\vendor\\laravel\\framework\\src\\Illuminate\\View\\View.php(91): Illuminate\\View\\View->renderContents()
#15 C:\\laragon\\www\\cidadaoon\\vendor\\laravel\\framework\\src\\Illuminate\\Http\\Response.php(69): Illuminate\\View\\View->render()
#16 C:\\laragon\\www\\cidadaoon\\vendor\\laravel\\framework\\src\\Illuminate\\Http\\Response.php(35): Illuminate\\Http\\Response->setContent(Object(Illuminate\\View\\View))
#17 C:\\laragon\\www\\cidadaoon\\vendor\\laravel\\framework\\src\\Illuminate\\Routing\\ResponseFactory.php(57): Illuminate\\Http\\Response->__construct(Object(Illuminate\\View\\View), 500, Array)
#18 C:\\laragon\\www\\cidadaoon\\vendor\\laravel\\framework\\src\\Illuminate\\Routing\\ResponseFactory.php(87): Illuminate\\Routing\\ResponseFactory->make(Object(Illuminate\\View\\View), 500, Array)
#19 C:\\laragon\\www\\cidadaoon\\vendor\\laravel\\framework\\src\\Illuminate\\Foundation\\Exceptions\\Handler.php(590): Illuminate\\Routing\\ResponseFactory->view('errors::500', Array, 500, Array)
#20 C:\\laragon\\www\\cidadaoon\\vendor\\laravel\\framework\\src\\Illuminate\\Foundation\\Exceptions\\Handler.php(515): Illuminate\\Foundation\\Exceptions\\Handler->renderHttpException(Object(Symfony\\Component\\HttpKernel\\Exception\\HttpException))
#21 C:\\laragon\\www\\cidadaoon\\vendor\\laravel\\framework\\src\\Illuminate\\Foundation\\Exceptions\\Handler.php(421): Illuminate\\Foundation\\Exceptions\\Handler->prepareResponse(Object(Illuminate\\Http\\Request), Object(Symfony\\Component\\HttpKernel\\Exception\\HttpException))
#22 C:\\laragon\\www\\cidadaoon\\vendor\\laravel\\framework\\src\\Illuminate\\Foundation\\Exceptions\\Handler.php(341): Illuminate\\Foundation\\Exceptions\\Handler->renderExceptionResponse(Object(Illuminate\\Http\\Request), Object(ErrorException))
#23 C:\\laragon\\www\\cidadaoon\\src\\MicroweberPackages\\App\\Exceptions\\Handler.php(54): Illuminate\\Foundation\\Exceptions\\Handler->render(Object(Illuminate\\Http\\Request), Object(ErrorException))
#24 C:\\laragon\\www\\cidadaoon\\vendor\\laravel\\framework\\src\\Illuminate\\Foundation\\Http\\Kernel.php(427): MicroweberPackages\\App\\Exceptions\\Handler->render(Object(Illuminate\\Http\\Request), Object(ErrorException))
#25 C:\\laragon\\www\\cidadaoon\\vendor\\laravel\\framework\\src\\Illuminate\\Foundation\\Http\\Kernel.php(115): Illuminate\\Foundation\\Http\\Kernel->renderException(Object(Illuminate\\Http\\Request), Object(ErrorException))
#26 C:\\laragon\\www\\cidadaoon\\index.php(94): Illuminate\\Foundation\\Http\\Kernel->handle(Object(Illuminate\\Http\\Request))
#27 {main}

[previous exception] [object] (ReflectionException(code: -1): Class \"translator\" does not exist at C:\\laragon\\www\\cidadaoon\\vendor\\laravel\\framework\\src\\Illuminate\\Container\\Container.php:877)
[stacktrace]
#0 C:\\laragon\\www\\cidadaoon\\vendor\\laravel\\framework\\src\\Illuminate\\Container\\Container.php(877): ReflectionClass->__construct('translator')
#1 C:\\laragon\\www\\cidadaoon\\vendor\\laravel\\framework\\src\\Illuminate\\Container\\Container.php(758): Illuminate\\Container\\Container->build('translator')
#2 C:\\laragon\\www\\cidadaoon\\vendor\\laravel\\framework\\src\\Illuminate\\Foundation\\Application.php(855): Illuminate\\Container\\Container->resolve('translator', Array, true)
#3 C:\\laragon\\www\\cidadaoon\\vendor\\laravel\\framework\\src\\Illuminate\\Container\\Container.php(694): Illuminate\\Foundation\\Application->resolve('translator', Array)
#4 C:\\laragon\\www\\cidadaoon\\vendor\\laravel\\framework\\src\\Illuminate\\Foundation\\Application.php(840): Illuminate\\Container\\Container->make('translator', Array)
#5 C:\\laragon\\www\\cidadaoon\\vendor\\laravel\\framework\\src\\Illuminate\\Foundation\\helpers.php(119): Illuminate\\Foundation\\Application->make('translator', Array)
#6 C:\\laragon\\www\\cidadaoon\\vendor\\laravel\\framework\\src\\Illuminate\\Foundation\\helpers.php(851): app('translator')
#7 C:\\laragon\\www\\cidadaoon\\vendor\\laravel\\framework\\src\\Illuminate\\Foundation\\helpers.php(886): trans('Server Error', Array, NULL)
#8 C:\\laragon\\www\\cidadaoon\\storage\\framework\\views\\dce9fc6a79a2f372f1c40eb3d04284d2ace20c92.php(1): __('Server Error')
#9 C:\\laragon\\www\\cidadaoon\\vendor\\laravel\\framework\\src\\Illuminate\\Filesystem\\Filesystem.php(107): require('C:\\\\laragon\\\\www\\\\...')
#10 C:\\laragon\\www\\cidadaoon\\vendor\\laravel\\framework\\src\\Illuminate\\Filesystem\\Filesystem.php(108): Illuminate\\Filesystem\\Filesystem::Illuminate\\Filesystem\\{closure}()
#11 C:\\laragon\\www\\cidadaoon\\vendor\\laravel\\framework\\src\\Illuminate\\View\\Engines\\PhpEngine.php(58): Illuminate\\Filesystem\\Filesystem->getRequire('C:\\\\laragon\\\\www\\\\...', Array)
#12 C:\\laragon\\www\\cidadaoon\\vendor\\laravel\\framework\\src\\Illuminate\\View\\Engines\\CompilerEngine.php(61): Illuminate\\View\\Engines\\PhpEngine->evaluatePath('C:\\\\laragon\\\\www\\\\...', Array)
#13 C:\\laragon\\www\\cidadaoon\\vendor\\laravel\\framework\\src\\Illuminate\\View\\View.php(139): Illuminate\\View\\Engines\\CompilerEngine->get('C:\\\\laragon\\\\www\\\\...', Array)
#14 C:\\laragon\\www\\cidadaoon\\vendor\\laravel\\framework\\src\\Illuminate\\View\\View.php(122): Illuminate\\View\\View->getContents()
#15 C:\\laragon\\www\\cidadaoon\\vendor\\laravel\\framework\\src\\Illuminate\\View\\View.php(91): Illuminate\\View\\View->renderContents()
#16 C:\\laragon\\www\\cidadaoon\\vendor\\laravel\\framework\\src\\Illuminate\\Http\\Response.php(69): Illuminate\\View\\View->render()
#17 C:\\laragon\\www\\cidadaoon\\vendor\\laravel\\framework\\src\\Illuminate\\Http\\Response.php(35): Illuminate\\Http\\Response->setContent(Object(Illuminate\\View\\View))
#18 C:\\laragon\\www\\cidadaoon\\vendor\\laravel\\framework\\src\\Illuminate\\Routing\\ResponseFactory.php(57): Illuminate\\Http\\Response->__construct(Object(Illuminate\\View\\View), 500, Array)
#19 C:\\laragon\\www\\cidadaoon\\vendor\\laravel\\framework\\src\\Illuminate\\Routing\\ResponseFactory.php(87): Illuminate\\Routing\\ResponseFactory->make(Object(Illuminate\\View\\View), 500, Array)
#20 C:\\laragon\\www\\cidadaoon\\vendor\\laravel\\framework\\src\\Illuminate\\Foundation\\Exceptions\\Handler.php(590): Illuminate\\Routing\\ResponseFactory->view('errors::500', Array, 500, Array)
#21 C:\\laragon\\www\\cidadaoon\\vendor\\laravel\\framework\\src\\Illuminate\\Foundation\\Exceptions\\Handler.php(515): Illuminate\\Foundation\\Exceptions\\Handler->renderHttpException(Object(Symfony\\Component\\HttpKernel\\Exception\\HttpException))
#22 C:\\laragon\\www\\cidadaoon\\vendor\\laravel\\framework\\src\\Illuminate\\Foundation\\Exceptions\\Handler.php(421): Illuminate\\Foundation\\Exceptions\\Handler->prepareResponse(Object(Illuminate\\Http\\Request), Object(Symfony\\Component\\HttpKernel\\Exception\\HttpException))
#23 C:\\laragon\\www\\cidadaoon\\vendor\\laravel\\framework\\src\\Illuminate\\Foundation\\Exceptions\\Handler.php(341): Illuminate\\Foundation\\Exceptions\\Handler->renderExceptionResponse(Object(Illuminate\\Http\\Request), Object(ErrorException))
#24 C:\\laragon\\www\\cidadaoon\\src\\MicroweberPackages\\App\\Exceptions\\Handler.php(54): Illuminate\\Foundation\\Exceptions\\Handler->render(Object(Illuminate\\Http\\Request), Object(ErrorException))
#25 C:\\laragon\\www\\cidadaoon\\vendor\\laravel\\framework\\src\\Illuminate\\Foundation\\Http\\Kernel.php(427): MicroweberPackages\\App\\Exceptions\\Handler->render(Object(Illuminate\\Http\\Request), Object(ErrorException))
#26 C:\\laragon\\www\\cidadaoon\\vendor\\laravel\\framework\\src\\Illuminate\\Foundation\\Http\\Kernel.php(115): Illuminate\\Foundation\\Http\\Kernel->renderException(Object(Illuminate\\Http\\Request), Object(ErrorException))
#27 C:\\laragon\\www\\cidadaoon\\index.php(94): Illuminate\\Foundation\\Http\\Kernel->handle(Object(Illuminate\\Http\\Request))
#28 {main}
"} 
[2023-01-14 13:07:58] production.ERROR: Uncaught ReflectionException: Class "translator" does not exist in C:\laragon\www\cidadaoon\vendor\laravel\framework\src\Illuminate\Container\Container.php:877
Stack trace:
#0 C:\laragon\www\cidadaoon\vendor\laravel\framework\src\Illuminate\Container\Container.php(877): ReflectionClass->__construct('translator')
#1 C:\laragon\www\cidadaoon\vendor\laravel\framework\src\Illuminate\Container\Container.php(758): Illuminate\Container\Container->build('translator')
#2 C:\laragon\www\cidadaoon\vendor\laravel\framework\src\Illuminate\Foundation\Application.php(855): Illuminate\Container\Container->resolve('translator', Array, true)
#3 C:\laragon\www\cidadaoon\vendor\laravel\framework\src\Illuminate\Container\Container.php(694): Illuminate\Foundation\Application->resolve('translator', Array)
#4 C:\laragon\www\cidadaoon\vendor\laravel\framework\src\Illuminate\Foundation\Application.php(840): Illuminate\Container\Container->make('translator', Array)
#5 C:\laragon\www\cidadaoon\vendor\laravel\framework\src\Illuminate\Foundation\helpers.php(119): Illuminate\Foundation\Application->make('translator', Array)
#6 C:\laragon\www\cidadaoon\vendor\laravel\framework\src\Illuminate\Foundation\helpers.php(851): app('translator')
#7 C:\laragon\www\cidadaoon\vendor\laravel\framework\src\Illuminate\Foundation\helpers.php(886): trans('Server Error', Array, NULL)
#8 C:\laragon\www\cidadaoon\storage\framework\views\dce9fc6a79a2f372f1c40eb3d04284d2ace20c92.php(1): __('Server Error')
#9 C:\laragon\www\cidadaoon\vendor\laravel\framework\src\Illuminate\Filesystem\Filesystem.php(107): require('C:\\laragon\\www\\...')
#10 C:\laragon\www\cidadaoon\vendor\laravel\framework\src\Illuminate\Filesystem\Filesystem.php(108): Illuminate\Filesystem\Filesystem::Illuminate\Filesystem\{closure}()
#11 C:\laragon\www\cidadaoon\vendor\laravel\framework\src\Illuminate\View\Engines\PhpEngine.php(58): Illuminate\Filesystem\Filesystem->getRequire('C:\\laragon\\www\\...', Array)
#12 C:\laragon\www\cidadaoon\vendor\laravel\framework\src\Illuminate\View\Engines\CompilerEngine.php(61): Illuminate\View\Engines\PhpEngine->evaluatePath('C:\\laragon\\www\\...', Array)
#13 C:\laragon\www\cidadaoon\vendor\laravel\framework\src\Illuminate\View\View.php(139): Illuminate\View\Engines\CompilerEngine->get('C:\\laragon\\www\\...', Array)
#14 C:\laragon\www\cidadaoon\vendor\laravel\framework\src\Illuminate\View\View.php(122): Illuminate\View\View->getContents()
#15 C:\laragon\www\cidadaoon\vendor\laravel\framework\src\Illuminate\View\View.php(91): Illuminate\View\View->renderContents()
#16 C:\laragon\www\cidadaoon\vendor\laravel\framework\src\Illuminate\Http\Response.php(69): Illuminate\View\View->render()
#17 C:\laragon\www\cidadaoon\vendor\laravel\framework\src\Illuminate\Http\Response.php(35): Illuminate\Http\Response->setContent(Object(Illuminate\View\View))
#18 C:\laragon\www\cidadaoon\vendor\laravel\framework\src\Illuminate\Routing\ResponseFactory.php(57): Illuminate\Http\Response->__construct(Object(Illuminate\View\View), 500, Array)
#19 C:\laragon\www\cidadaoon\vendor\laravel\framework\src\Illuminate\Routing\ResponseFactory.php(87): Illuminate\Routing\ResponseFactory->make(Object(Illuminate\View\View), 500, Array)
#20 C:\laragon\www\cidadaoon\vendor\laravel\framework\src\Illuminate\Foundation\Exceptions\Handler.php(590): Illuminate\Routing\ResponseFactory->view('errors::500', Array, 500, Array)
#21 C:\laragon\www\cidadaoon\vendor\laravel\framework\src\Illuminate\Foundation\Exceptions\Handler.php(515): Illuminate\Foundation\Exceptions\Handler->renderHttpException(Object(Symfony\Component\HttpKernel\Exception\HttpException))
#22 C:\laragon\www\cidadaoon\vendor\laravel\framework\src\Illuminate\Foundation\Exceptions\Handler.php(421): Illuminate\Foundation\Exceptions\Handler->prepareResponse(Object(Illuminate\Http\Request), Object(Symfony\Component\HttpKernel\Exception\HttpException))
#23 C:\laragon\www\cidadaoon\vendor\laravel\framework\src\Illuminate\Foundation\Exceptions\Handler.php(341): Illuminate\Foundation\Exceptions\Handler->renderExceptionResponse(Object(Illuminate\Http\Request), Object(Illuminate\View\ViewException))
#24 C:\laragon\www\cidadaoon\src\MicroweberPackages\App\Exceptions\Handler.php(54): Illuminate\Foundation\Exceptions\Handler->render(Object(Illuminate\Http\Request), Object(Illuminate\View\ViewException))
#25 C:\laragon\www\cidadaoon\vendor\laravel\framework\src\Illuminate\Foundation\Bootstrap\HandleExceptions.php(193): MicroweberPackages\App\Exceptions\Handler->render(Object(Illuminate\Http\Request), Object(Illuminate\View\ViewException))
#26 C:\laragon\www\cidadaoon\vendor\laravel\framework\src\Illuminate\Foundation\Bootstrap\HandleExceptions.php(170): Illuminate\Foundation\Bootstrap\HandleExceptions->renderHttpResponse(Object(Illuminate\View\ViewException))
#27 C:\laragon\www\cidadaoon\vendor\laravel\framework\src\Illuminate\Foundation\Bootstrap\HandleExceptions.php(228): Illuminate\Foundation\Bootstrap\HandleExceptions->handleException(Object(Illuminate\View\ViewException))
#28 [internal function]: Illuminate\Foundation\Bootstrap\HandleExceptions->Illuminate\Foundation\Bootstrap\{closure}(Object(Illuminate\View\ViewException))
#29 {main}

Next Illuminate\Contracts\Container\BindingResolutionException: Target class [translator] does not exist. in C:\laragon\www\cidadaoon\vendor\laravel\framework\src\Illuminate\Container\Container.php:879
Stack trace:
#0 C:\laragon\www\cidadaoon\vendor\laravel\framework\src\Illuminate\Container\Container.php(758): Illuminate\Container\Container->build('translator')
#1 C:\laragon\www\cidadaoon\vendor\laravel\framework\src\Illuminate\Foundation\Application.php(855): Illuminate\Container\Container->resolve('translator', Array, true)
#2 C:\laragon\www\cidadaoon\vendor\laravel\framework\src\Illuminate\Container\Container.php(694): Illuminate\Foundation\Application->resolve('translator', Array)
#3 C:\laragon\www\cidadaoon\vendor\laravel\framework\src\Illuminate\Foundation\Application.php(840): Illuminate\Container\Container->make('translator', Array)
#4 C:\laragon\www\cidadaoon\vendor\laravel\framework\src\Illuminate\Foundation\helpers.php(119): Illuminate\Foundation\Application->make('translator', Array)
#5 C:\laragon\www\cidadaoon\vendor\laravel\framework\src\Illuminate\Foundation\helpers.php(851): app('translator')
#6 C:\laragon\www\cidadaoon\vendor\laravel\framework\src\Illuminate\Foundation\helpers.php(886): trans('Server Error', Array, NULL)
#7 C:\laragon\www\cidadaoon\storage\framework\views\dce9fc6a79a2f372f1c40eb3d04284d2ace20c92.php(1): __('Server Error')
#8 C:\laragon\www\cidadaoon\vendor\laravel\framework\src\Illuminate\Filesystem\Filesystem.php(107): require('C:\\laragon\\www\\...')
#9 C:\laragon\www\cidadaoon\vendor\laravel\framework\src\Illuminate\Filesystem\Filesystem.php(108): Illuminate\Filesystem\Filesystem::Illuminate\Filesystem\{closure}()
#10 C:\laragon\www\cidadaoon\vendor\laravel\framework\src\Illuminate\View\Engines\PhpEngine.php(58): Illuminate\Filesystem\Filesystem->getRequire('C:\\laragon\\www\\...', Array)
#11 C:\laragon\www\cidadaoon\vendor\laravel\framework\src\Illuminate\View\Engines\CompilerEngine.php(61): Illuminate\View\Engines\PhpEngine->evaluatePath('C:\\laragon\\www\\...', Array)
#12 C:\laragon\www\cidadaoon\vendor\laravel\framework\src\Illuminate\View\View.php(139): Illuminate\View\Engines\CompilerEngine->get('C:\\laragon\\www\\...', Array)
#13 C:\laragon\www\cidadaoon\vendor\laravel\framework\src\Illuminate\View\View.php(122): Illuminate\View\View->getContents()
#14 C:\laragon\www\cidadaoon\vendor\laravel\framework\src\Illuminate\View\View.php(91): Illuminate\View\View->renderContents()
#15 C:\laragon\www\cidadaoon\vendor\laravel\framework\src\Illuminate\Http\Response.php(69): Illuminate\View\View->render()
#16 C:\laragon\www\cidadaoon\vendor\laravel\framework\src\Illuminate\Http\Response.php(35): Illuminate\Http\Response->setContent(Object(Illuminate\View\View))
#17 C:\laragon\www\cidadaoon\vendor\laravel\framework\src\Illuminate\Routing\ResponseFactory.php(57): Illuminate\Http\Response->__construct(Object(Illuminate\View\View), 500, Array)
#18 C:\laragon\www\cidadaoon\vendor\laravel\framework\src\Illuminate\Routing\ResponseFactory.php(87): Illuminate\Routing\ResponseFactory->make(Object(Illuminate\View\View), 500, Array)
#19 C:\laragon\www\cidadaoon\vendor\laravel\framework\src\Illuminate\Foundation\Exceptions\Handler.php(590): Illuminate\Routing\ResponseFactory->view('errors::500', Array, 500, Array)
#20 C:\laragon\www\cidadaoon\vendor\laravel\framework\src\Illuminate\Foundation\Exceptions\Handler.php(515): Illuminate\Foundation\Exceptions\Handler->renderHttpException(Object(Symfony\Component\HttpKernel\Exception\HttpException))
#21 C:\laragon\www\cidadaoon\vendor\laravel\framework\src\Illuminate\Foundation\Exceptions\Handler.php(421): Illuminate\Foundation\Exceptions\Handler->prepareResponse(Object(Illuminate\Http\Request), Object(Symfony\Component\HttpKernel\Exception\HttpException))
#22 C:\laragon\www\cidadaoon\vendor\laravel\framework\src\Illuminate\Foundation\Exceptions\Handler.php(341): Illuminate\Foundation\Exceptions\Handler->renderExceptionResponse(Object(Illuminate\Http\Request), Object(Illuminate\View\ViewException))
#23 C:\laragon\www\cidadaoon\src\MicroweberPackages\App\Exceptions\Handler.php(54): Illuminate\Foundation\Exceptions\Handler->render(Object(Illuminate\Http\Request), Object(Illuminate\View\ViewException))
#24 C:\laragon\www\cidadaoon\vendor\laravel\framework\src\Illuminate\Foundation\Bootstrap\HandleExceptions.php(193): MicroweberPackages\App\Exceptions\Handler->render(Object(Illuminate\Http\Request), Object(Illuminate\View\ViewException))
#25 C:\laragon\www\cidadaoon\vendor\laravel\framework\src\Illuminate\Foundation\Bootstrap\HandleExceptions.php(170): Illuminate\Foundation\Bootstrap\HandleExceptions->renderHttpResponse(Object(Illuminate\View\ViewException))
#26 C:\laragon\www\cidadaoon\vendor\laravel\framework\src\Illuminate\Foundation\Bootstrap\HandleExceptions.php(228): Illuminate\Foundation\Bootstrap\HandleExceptions->handleException(Object(Illuminate\View\ViewException))
#27 [internal function]: Illuminate\Foundation\Bootstrap\HandleExceptions->Illuminate\Foundation\Bootstrap\{closure}(Object(Illuminate\View\ViewException))
#28 {main}

Next Illuminate\View\ViewException: Target class [translator] does not exist. (View: C:\laragon\www\cidadaoon\vendor\laravel\framework\src\Illuminate\Foundation\Exceptions\views\500.blade.php) in C:\laragon\www\cidadaoon\vendor\laravel\framework\src\Illuminate\Container\Container.php:879
Stack trace:
#0 C:\laragon\www\cidadaoon\vendor\laravel\framework\src\Illuminate\View\Engines\PhpEngine.php(60): Illuminate\View\Engines\CompilerEngine->handleViewException(Object(Illuminate\Contracts\Container\BindingResolutionException), 1)
#1 C:\laragon\www\cidadaoon\vendor\laravel\framework\src\Illuminate\View\Engines\CompilerEngine.php(61): Illuminate\View\Engines\PhpEngine->evaluatePath('C:\\laragon\\www\\...', Array)
#2 C:\laragon\www\cidadaoon\vendor\laravel\framework\src\Illuminate\View\View.php(139): Illuminate\View\Engines\CompilerEngine->get('C:\\laragon\\www\\...', Array)
#3 C:\laragon\www\cidadaoon\vendor\laravel\framework\src\Illuminate\View\View.php(122): Illuminate\View\View->getContents()
#4 C:\laragon\www\cidadaoon\vendor\laravel\framework\src\Illuminate\View\View.php(91): Illuminate\View\View->renderContents()
#5 C:\laragon\www\cidadaoon\vendor\laravel\framework\src\Illuminate\Http\Response.php(69): Illuminate\View\View->render()
#6 C:\laragon\www\cidadaoon\vendor\laravel\framework\src\Illuminate\Http\Response.php(35): Illuminate\Http\Response->setContent(Object(Illuminate\View\View))
#7 C:\laragon\www\cidadaoon\vendor\laravel\framework\src\Illuminate\Routing\ResponseFactory.php(57): Illuminate\Http\Response->__construct(Object(Illuminate\View\View), 500, Array)
#8 C:\laragon\www\cidadaoon\vendor\laravel\framework\src\Illuminate\Routing\ResponseFactory.php(87): Illuminate\Routing\ResponseFactory->make(Object(Illuminate\View\View), 500, Array)
#9 C:\laragon\www\cidadaoon\vendor\laravel\framework\src\Illuminate\Foundation\Exceptions\Handler.php(590): Illuminate\Routing\ResponseFactory->view('errors::500', Array, 500, Array)
#10 C:\laragon\www\cidadaoon\vendor\laravel\framework\src\Illuminate\Foundation\Exceptions\Handler.php(515): Illuminate\Foundation\Exceptions\Handler->renderHttpException(Object(Symfony\Component\HttpKernel\Exception\HttpException))
#11 C:\laragon\www\cidadaoon\vendor\laravel\framework\src\Illuminate\Foundation\Exceptions\Handler.php(421): Illuminate\Foundation\Exceptions\Handler->prepareResponse(Object(Illuminate\Http\Request), Object(Symfony\Component\HttpKernel\Exception\HttpException))
#12 C:\laragon\www\cidadaoon\vendor\laravel\framework\src\Illuminate\Foundation\Exceptions\Handler.php(341): Illuminate\Foundation\Exceptions\Handler->renderExceptionResponse(Object(Illuminate\Http\Request), Object(Illuminate\View\ViewException))
#13 C:\laragon\www\cidadaoon\src\MicroweberPackages\App\Exceptions\Handler.php(54): Illuminate\Foundation\Exceptions\Handler->render(Object(Illuminate\Http\Request), Object(Illuminate\View\ViewException))
#14 C:\laragon\www\cidadaoon\vendor\laravel\framework\src\Illuminate\Foundation\Bootstrap\HandleExceptions.php(193): MicroweberPackages\App\Exceptions\Handler->render(Object(Illuminate\Http\Request), Object(Illuminate\View\ViewException))
#15 C:\laragon\www\cidadaoon\vendor\laravel\framework\src\Illuminate\Foundation\Bootstrap\HandleExceptions.php(170): Illuminate\Foundation\Bootstrap\HandleExceptions->renderHttpResponse(Object(Illuminate\View\ViewException))
#16 C:\laragon\www\cidadaoon\vendor\laravel\framework\src\Illuminate\Foundation\Bootstrap\HandleExceptions.php(228): Illuminate\Foundation\Bootstrap\HandleExceptions->handleException(Object(Illuminate\View\ViewException))
#17 [internal function]: Illuminate\Foundation\Bootstrap\HandleExceptions->Illuminate\Foundation\Bootstrap\{closure}(Object(Illuminate\View\ViewException))
#18 {main}
  thrown {"exception":"[object] (Symfony\\Component\\ErrorHandler\\Error\\FatalError(code: 0): Uncaught ReflectionException: Class \"translator\" does not exist in C:\\laragon\\www\\cidadaoon\\vendor\\laravel\\framework\\src\\Illuminate\\Container\\Container.php:877
Stack trace:
#0 C:\\laragon\\www\\cidadaoon\\vendor\\laravel\\framework\\src\\Illuminate\\Container\\Container.php(877): ReflectionClass->__construct('translator')
#1 C:\\laragon\\www\\cidadaoon\\vendor\\laravel\\framework\\src\\Illuminate\\Container\\Container.php(758): Illuminate\\Container\\Container->build('translator')
#2 C:\\laragon\\www\\cidadaoon\\vendor\\laravel\\framework\\src\\Illuminate\\Foundation\\Application.php(855): Illuminate\\Container\\Container->resolve('translator', Array, true)
#3 C:\\laragon\\www\\cidadaoon\\vendor\\laravel\\framework\\src\\Illuminate\\Container\\Container.php(694): Illuminate\\Foundation\\Application->resolve('translator', Array)
#4 C:\\laragon\\www\\cidadaoon\\vendor\\laravel\\framework\\src\\Illuminate\\Foundation\\Application.php(840): Illuminate\\Container\\Container->make('translator', Array)
#5 C:\\laragon\\www\\cidadaoon\\vendor\\laravel\\framework\\src\\Illuminate\\Foundation\\helpers.php(119): Illuminate\\Foundation\\Application->make('translator', Array)
#6 C:\\laragon\\www\\cidadaoon\\vendor\\laravel\\framework\\src\\Illuminate\\Foundation\\helpers.php(851): app('translator')
#7 C:\\laragon\\www\\cidadaoon\\vendor\\laravel\\framework\\src\\Illuminate\\Foundation\\helpers.php(886): trans('Server Error', Array, NULL)
#8 C:\\laragon\\www\\cidadaoon\\storage\\framework\\views\\dce9fc6a79a2f372f1c40eb3d04284d2ace20c92.php(1): __('Server Error')
#9 C:\\laragon\\www\\cidadaoon\\vendor\\laravel\\framework\\src\\Illuminate\\Filesystem\\Filesystem.php(107): require('C:\\\\laragon\\\\www\\\\...')
#10 C:\\laragon\\www\\cidadaoon\\vendor\\laravel\\framework\\src\\Illuminate\\Filesystem\\Filesystem.php(108): Illuminate\\Filesystem\\Filesystem::Illuminate\\Filesystem\\{closure}()
#11 C:\\laragon\\www\\cidadaoon\\vendor\\laravel\\framework\\src\\Illuminate\\View\\Engines\\PhpEngine.php(58): Illuminate\\Filesystem\\Filesystem->getRequire('C:\\\\laragon\\\\www\\\\...', Array)
#12 C:\\laragon\\www\\cidadaoon\\vendor\\laravel\\framework\\src\\Illuminate\\View\\Engines\\CompilerEngine.php(61): Illuminate\\View\\Engines\\PhpEngine->evaluatePath('C:\\\\laragon\\\\www\\\\...', Array)
#13 C:\\laragon\\www\\cidadaoon\\vendor\\laravel\\framework\\src\\Illuminate\\View\\View.php(139): Illuminate\\View\\Engines\\CompilerEngine->get('C:\\\\laragon\\\\www\\\\...', Array)
#14 C:\\laragon\\www\\cidadaoon\\vendor\\laravel\\framework\\src\\Illuminate\\View\\View.php(122): Illuminate\\View\\View->getContents()
#15 C:\\laragon\\www\\cidadaoon\\vendor\\laravel\\framework\\src\\Illuminate\\View\\View.php(91): Illuminate\\View\\View->renderContents()
#16 C:\\laragon\\www\\cidadaoon\\vendor\\laravel\\framework\\src\\Illuminate\\Http\\Response.php(69): Illuminate\\View\\View->render()
#17 C:\\laragon\\www\\cidadaoon\\vendor\\laravel\\framework\\src\\Illuminate\\Http\\Response.php(35): Illuminate\\Http\\Response->setContent(Object(Illuminate\\View\\View))
#18 C:\\laragon\\www\\cidadaoon\\vendor\\laravel\\framework\\src\\Illuminate\\Routing\\ResponseFactory.php(57): Illuminate\\Http\\Response->__construct(Object(Illuminate\\View\\View), 500, Array)
#19 C:\\laragon\\www\\cidadaoon\\vendor\\laravel\\framework\\src\\Illuminate\\Routing\\ResponseFactory.php(87): Illuminate\\Routing\\ResponseFactory->make(Object(Illuminate\\View\\View), 500, Array)
#20 C:\\laragon\\www\\cidadaoon\\vendor\\laravel\\framework\\src\\Illuminate\\Foundation\\Exceptions\\Handler.php(590): Illuminate\\Routing\\ResponseFactory->view('errors::500', Array, 500, Array)
#21 C:\\laragon\\www\\cidadaoon\\vendor\\laravel\\framework\\src\\Illuminate\\Foundation\\Exceptions\\Handler.php(515): Illuminate\\Foundation\\Exceptions\\Handler->renderHttpException(Object(Symfony\\Component\\HttpKernel\\Exception\\HttpException))
#22 C:\\laragon\\www\\cidadaoon\\vendor\\laravel\\framework\\src\\Illuminate\\Foundation\\Exceptions\\Handler.php(421): Illuminate\\Foundation\\Exceptions\\Handler->prepareResponse(Object(Illuminate\\Http\\Request), Object(Symfony\\Component\\HttpKernel\\Exception\\HttpException))
#23 C:\\laragon\\www\\cidadaoon\\vendor\\laravel\\framework\\src\\Illuminate\\Foundation\\Exceptions\\Handler.php(341): Illuminate\\Foundation\\Exceptions\\Handler->renderExceptionResponse(Object(Illuminate\\Http\\Request), Object(Illuminate\\View\\ViewException))
#24 C:\\laragon\\www\\cidadaoon\\src\\MicroweberPackages\\App\\Exceptions\\Handler.php(54): Illuminate\\Foundation\\Exceptions\\Handler->render(Object(Illuminate\\Http\\Request), Object(Illuminate\\View\\ViewException))
#25 C:\\laragon\\www\\cidadaoon\\vendor\\laravel\\framework\\src\\Illuminate\\Foundation\\Bootstrap\\HandleExceptions.php(193): MicroweberPackages\\App\\Exceptions\\Handler->render(Object(Illuminate\\Http\\Request), Object(Illuminate\\View\\ViewException))
#26 C:\\laragon\\www\\cidadaoon\\vendor\\laravel\\framework\\src\\Illuminate\\Foundation\\Bootstrap\\HandleExceptions.php(170): Illuminate\\Foundation\\Bootstrap\\HandleExceptions->renderHttpResponse(Object(Illuminate\\View\\ViewException))
#27 C:\\laragon\\www\\cidadaoon\\vendor\\laravel\\framework\\src\\Illuminate\\Foundation\\Bootstrap\\HandleExceptions.php(228): Illuminate\\Foundation\\Bootstrap\\HandleExceptions->handleException(Object(Illuminate\\View\\ViewException))
#28 [internal function]: Illuminate\\Foundation\\Bootstrap\\HandleExceptions->Illuminate\\Foundation\\Bootstrap\\{closure}(Object(Illuminate\\View\\ViewException))
#29 {main}

Next Illuminate\\Contracts\\Container\\BindingResolutionException: Target class [translator] does not exist. in C:\\laragon\\www\\cidadaoon\\vendor\\laravel\\framework\\src\\Illuminate\\Container\\Container.php:879
Stack trace:
#0 C:\\laragon\\www\\cidadaoon\\vendor\\laravel\\framework\\src\\Illuminate\\Container\\Container.php(758): Illuminate\\Container\\Container->build('translator')
#1 C:\\laragon\\www\\cidadaoon\\vendor\\laravel\\framework\\src\\Illuminate\\Foundation\\Application.php(855): Illuminate\\Container\\Container->resolve('translator', Array, true)
#2 C:\\laragon\\www\\cidadaoon\\vendor\\laravel\\framework\\src\\Illuminate\\Container\\Container.php(694): Illuminate\\Foundation\\Application->resolve('translator', Array)
#3 C:\\laragon\\www\\cidadaoon\\vendor\\laravel\\framework\\src\\Illuminate\\Foundation\\Application.php(840): Illuminate\\Container\\Container->make('translator', Array)
#4 C:\\laragon\\www\\cidadaoon\\vendor\\laravel\\framework\\src\\Illuminate\\Foundation\\helpers.php(119): Illuminate\\Foundation\\Application->make('translator', Array)
#5 C:\\laragon\\www\\cidadaoon\\vendor\\laravel\\framework\\src\\Illuminate\\Foundation\\helpers.php(851): app('translator')
#6 C:\\laragon\\www\\cidadaoon\\vendor\\laravel\\framework\\src\\Illuminate\\Foundation\\helpers.php(886): trans('Server Error', Array, NULL)
#7 C:\\laragon\\www\\cidadaoon\\storage\\framework\\views\\dce9fc6a79a2f372f1c40eb3d04284d2ace20c92.php(1): __('Server Error')
#8 C:\\laragon\\www\\cidadaoon\\vendor\\laravel\\framework\\src\\Illuminate\\Filesystem\\Filesystem.php(107): require('C:\\\\laragon\\\\www\\\\...')
#9 C:\\laragon\\www\\cidadaoon\\vendor\\laravel\\framework\\src\\Illuminate\\Filesystem\\Filesystem.php(108): Illuminate\\Filesystem\\Filesystem::Illuminate\\Filesystem\\{closure}()
#10 C:\\laragon\\www\\cidadaoon\\vendor\\laravel\\framework\\src\\Illuminate\\View\\Engines\\PhpEngine.php(58): Illuminate\\Filesystem\\Filesystem->getRequire('C:\\\\laragon\\\\www\\\\...', Array)
#11 C:\\laragon\\www\\cidadaoon\\vendor\\laravel\\framework\\src\\Illuminate\\View\\Engines\\CompilerEngine.php(61): Illuminate\\View\\Engines\\PhpEngine->evaluatePath('C:\\\\laragon\\\\www\\\\...', Array)
#12 C:\\laragon\\www\\cidadaoon\\vendor\\laravel\\framework\\src\\Illuminate\\View\\View.php(139): Illuminate\\View\\Engines\\CompilerEngine->get('C:\\\\laragon\\\\www\\\\...', Array)
#13 C:\\laragon\\www\\cidadaoon\\vendor\\laravel\\framework\\src\\Illuminate\\View\\View.php(122): Illuminate\\View\\View->getContents()
#14 C:\\laragon\\www\\cidadaoon\\vendor\\laravel\\framework\\src\\Illuminate\\View\\View.php(91): Illuminate\\View\\View->renderContents()
#15 C:\\laragon\\www\\cidadaoon\\vendor\\laravel\\framework\\src\\Illuminate\\Http\\Response.php(69): Illuminate\\View\\View->render()
#16 C:\\laragon\\www\\cidadaoon\\vendor\\laravel\\framework\\src\\Illuminate\\Http\\Response.php(35): Illuminate\\Http\\Response->setContent(Object(Illuminate\\View\\View))
#17 C:\\laragon\\www\\cidadaoon\\vendor\\laravel\\framework\\src\\Illuminate\\Routing\\ResponseFactory.php(57): Illuminate\\Http\\Response->__construct(Object(Illuminate\\View\\View), 500, Array)
#18 C:\\laragon\\www\\cidadaoon\\vendor\\laravel\\framework\\src\\Illuminate\\Routing\\ResponseFactory.php(87): Illuminate\\Routing\\ResponseFactory->make(Object(Illuminate\\View\\View), 500, Array)
#19 C:\\laragon\\www\\cidadaoon\\vendor\\laravel\\framework\\src\\Illuminate\\Foundation\\Exceptions\\Handler.php(590): Illuminate\\Routing\\ResponseFactory->view('errors::500', Array, 500, Array)
#20 C:\\laragon\\www\\cidadaoon\\vendor\\laravel\\framework\\src\\Illuminate\\Foundation\\Exceptions\\Handler.php(515): Illuminate\\Foundation\\Exceptions\\Handler->renderHttpException(Object(Symfony\\Component\\HttpKernel\\Exception\\HttpException))
#21 C:\\laragon\\www\\cidadaoon\\vendor\\laravel\\framework\\src\\Illuminate\\Foundation\\Exceptions\\Handler.php(421): Illuminate\\Foundation\\Exceptions\\Handler->prepareResponse(Object(Illuminate\\Http\\Request), Object(Symfony\\Component\\HttpKernel\\Exception\\HttpException))
#22 C:\\laragon\\www\\cidadaoon\\vendor\\laravel\\framework\\src\\Illuminate\\Foundation\\Exceptions\\Handler.php(341): Illuminate\\Foundation\\Exceptions\\Handler->renderExceptionResponse(Object(Illuminate\\Http\\Request), Object(Illuminate\\View\\ViewException))
#23 C:\\laragon\\www\\cidadaoon\\src\\MicroweberPackages\\App\\Exceptions\\Handler.php(54): Illuminate\\Foundation\\Exceptions\\Handler->render(Object(Illuminate\\Http\\Request), Object(Illuminate\\View\\ViewException))
#24 C:\\laragon\\www\\cidadaoon\\vendor\\laravel\\framework\\src\\Illuminate\\Foundation\\Bootstrap\\HandleExceptions.php(193): MicroweberPackages\\App\\Exceptions\\Handler->render(Object(Illuminate\\Http\\Request), Object(Illuminate\\View\\ViewException))
#25 C:\\laragon\\www\\cidadaoon\\vendor\\laravel\\framework\\src\\Illuminate\\Foundation\\Bootstrap\\HandleExceptions.php(170): Illuminate\\Foundation\\Bootstrap\\HandleExceptions->renderHttpResponse(Object(Illuminate\\View\\ViewException))
#26 C:\\laragon\\www\\cidadaoon\\vendor\\laravel\\framework\\src\\Illuminate\\Foundation\\Bootstrap\\HandleExceptions.php(228): Illuminate\\Foundation\\Bootstrap\\HandleExceptions->handleException(Object(Illuminate\\View\\ViewException))
#27 [internal function]: Illuminate\\Foundation\\Bootstrap\\HandleExceptions->Illuminate\\Foundation\\Bootstrap\\{closure}(Object(Illuminate\\View\\ViewException))
#28 {main}

Next Illuminate\\View\\ViewException: Target class [translator] does not exist. (View: C:\\laragon\\www\\cidadaoon\\vendor\\laravel\\framework\\src\\Illuminate\\Foundation\\Exceptions\\views\\500.blade.php) in C:\\laragon\\www\\cidadaoon\\vendor\\laravel\\framework\\src\\Illuminate\\Container\\Container.php:879
Stack trace:
#0 C:\\laragon\\www\\cidadaoon\\vendor\\laravel\\framework\\src\\Illuminate\\View\\Engines\\PhpEngine.php(60): Illuminate\\View\\Engines\\CompilerEngine->handleViewException(Object(Illuminate\\Contracts\\Container\\BindingResolutionException), 1)
#1 C:\\laragon\\www\\cidadaoon\\vendor\\laravel\\framework\\src\\Illuminate\\View\\Engines\\CompilerEngine.php(61): Illuminate\\View\\Engines\\PhpEngine->evaluatePath('C:\\\\laragon\\\\www\\\\...', Array)
#2 C:\\laragon\\www\\cidadaoon\\vendor\\laravel\\framework\\src\\Illuminate\\View\\View.php(139): Illuminate\\View\\Engines\\CompilerEngine->get('C:\\\\laragon\\\\www\\\\...', Array)
#3 C:\\laragon\\www\\cidadaoon\\vendor\\laravel\\framework\\src\\Illuminate\\View\\View.php(122): Illuminate\\View\\View->getContents()
#4 C:\\laragon\\www\\cidadaoon\\vendor\\laravel\\framework\\src\\Illuminate\\View\\View.php(91): Illuminate\\View\\View->renderContents()
#5 C:\\laragon\\www\\cidadaoon\\vendor\\laravel\\framework\\src\\Illuminate\\Http\\Response.php(69): Illuminate\\View\\View->render()
#6 C:\\laragon\\www\\cidadaoon\\vendor\\laravel\\framework\\src\\Illuminate\\Http\\Response.php(35): Illuminate\\Http\\Response->setContent(Object(Illuminate\\View\\View))
#7 C:\\laragon\\www\\cidadaoon\\vendor\\laravel\\framework\\src\\Illuminate\\Routing\\ResponseFactory.php(57): Illuminate\\Http\\Response->__construct(Object(Illuminate\\View\\View), 500, Array)
#8 C:\\laragon\\www\\cidadaoon\\vendor\\laravel\\framework\\src\\Illuminate\\Routing\\ResponseFactory.php(87): Illuminate\\Routing\\ResponseFactory->make(Object(Illuminate\\View\\View), 500, Array)
#9 C:\\laragon\\www\\cidadaoon\\vendor\\laravel\\framework\\src\\Illuminate\\Foundation\\Exceptions\\Handler.php(590): Illuminate\\Routing\\ResponseFactory->view('errors::500', Array, 500, Array)
#10 C:\\laragon\\www\\cidadaoon\\vendor\\laravel\\framework\\src\\Illuminate\\Foundation\\Exceptions\\Handler.php(515): Illuminate\\Foundation\\Exceptions\\Handler->renderHttpException(Object(Symfony\\Component\\HttpKernel\\Exception\\HttpException))
#11 C:\\laragon\\www\\cidadaoon\\vendor\\laravel\\framework\\src\\Illuminate\\Foundation\\Exceptions\\Handler.php(421): Illuminate\\Foundation\\Exceptions\\Handler->prepareResponse(Object(Illuminate\\Http\\Request), Object(Symfony\\Component\\HttpKernel\\Exception\\HttpException))
#12 C:\\laragon\\www\\cidadaoon\\vendor\\laravel\\framework\\src\\Illuminate\\Foundation\\Exceptions\\Handler.php(341): Illuminate\\Foundation\\Exceptions\\Handler->renderExceptionResponse(Object(Illuminate\\Http\\Request), Object(Illuminate\\View\\ViewException))
#13 C:\\laragon\\www\\cidadaoon\\src\\MicroweberPackages\\App\\Exceptions\\Handler.php(54): Illuminate\\Foundation\\Exceptions\\Handler->render(Object(Illuminate\\Http\\Request), Object(Illuminate\\View\\ViewException))
#14 C:\\laragon\\www\\cidadaoon\\vendor\\laravel\\framework\\src\\Illuminate\\Foundation\\Bootstrap\\HandleExceptions.php(193): MicroweberPackages\\App\\Exceptions\\Handler->render(Object(Illuminate\\Http\\Request), Object(Illuminate\\View\\ViewException))
#15 C:\\laragon\\www\\cidadaoon\\vendor\\laravel\\framework\\src\\Illuminate\\Foundation\\Bootstrap\\HandleExceptions.php(170): Illuminate\\Foundation\\Bootstrap\\HandleExceptions->renderHttpResponse(Object(Illuminate\\View\\ViewException))
#16 C:\\laragon\\www\\cidadaoon\\vendor\\laravel\\framework\\src\\Illuminate\\Foundation\\Bootstrap\\HandleExceptions.php(228): Illuminate\\Foundation\\Bootstrap\\HandleExceptions->handleException(Object(Illuminate\\View\\ViewException))
#17 [internal function]: Illuminate\\Foundation\\Bootstrap\\HandleExceptions->Illuminate\\Foundation\\Bootstrap\\{closure}(Object(Illuminate\\View\\ViewException))
#18 {main}
  thrown at C:\\laragon\\www\\cidadaoon\\vendor\\laravel\\framework\\src\\Illuminate\\Container\\Container.php:879)
[stacktrace]
#0 {main}
"} 
